{"D:\\carlos\\proyectos\\financial-products-challenge\\src\\app\\app.component.html": {"path":"D:\\carlos\\proyectos\\financial-products-challenge\\src\\app\\app.component.html","statementMap":{"0":{"start":{"line":1,"column":0},"end":{"line":1,"column":138}}},"fnMap":{},"branchMap":{},"s":{"0":1},"f":{},"b":{},"_coverageSchema":"1a1c01bbd47fc00a2c39e90264f33305004495a9","hash":"61fb29a9d97dda602338155bce3fcffa36a7b92a"}
,"D:\\carlos\\proyectos\\financial-products-challenge\\src\\app\\app.component.ts": {"path":"D:\\carlos\\proyectos\\financial-products-challenge\\src\\app\\app.component.ts","statementMap":{"0":{"start":{"line":1,"column":0},"end":{"line":1,"column":42}},"1":{"start":{"line":8,"column":25},"end":{"line":10,"column":null}},"2":{"start":{"line":9,"column":2},"end":{"line":9,"column":41}},"3":{"start":{"line":8,"column":13},"end":{"line":10,"column":null}}},"fnMap":{"0":{"name":"(anonymous_0)","decl":{"start":{"line":8,"column":7},"end":{"line":8,"column":13}},"loc":{"start":{"line":8,"column":7},"end":{"line":10,"column":1}}}},"branchMap":{},"s":{"0":1,"1":1,"2":3,"3":1},"f":{"0":3},"b":{}}
,"D:\\carlos\\proyectos\\financial-products-challenge\\src\\app\\core\\services\\modal.service.ts": {"path":"D:\\carlos\\proyectos\\financial-products-challenge\\src\\app\\core\\services\\modal.service.ts","statementMap":{"0":{"start":{"line":1,"column":0},"end":{"line":1,"column":43}},"1":{"start":{"line":2,"column":0},"end":{"line":2,"column":43}},"2":{"start":{"line":9,"column":10},"end":{"line":9,"column":44}},"3":{"start":{"line":14,"column":4},"end":{"line":14,"column":33}},"4":{"start":{"line":18,"column":4},"end":{"line":18,"column":33}},"5":{"start":{"line":22,"column":4},"end":{"line":22,"column":44}},"6":{"start":{"line":7,"column":13},"end":{"line":24,"column":null}}},"fnMap":{"0":{"name":"(anonymous_0)","decl":{"start":{"line":11,"column":2},"end":{"line":11,"column":18}},"loc":{"start":{"line":11,"column":2},"end":{"line":11,"column":19}}},"1":{"name":"(anonymous_1)","decl":{"start":{"line":13,"column":2},"end":{"line":13,"column":6}},"loc":{"start":{"line":13,"column":16},"end":{"line":15,"column":3}}},"2":{"name":"(anonymous_2)","decl":{"start":{"line":17,"column":2},"end":{"line":17,"column":7}},"loc":{"start":{"line":17,"column":7},"end":{"line":19,"column":3}}},"3":{"name":"(anonymous_3)","decl":{"start":{"line":21,"column":2},"end":{"line":21,"column":6}},"loc":{"start":{"line":21,"column":10},"end":{"line":23,"column":3}}}},"branchMap":{},"s":{"0":3,"1":3,"2":2,"3":0,"4":0,"5":1,"6":3},"f":{"0":2,"1":0,"2":0,"3":1},"b":{}}
,"D:\\carlos\\proyectos\\financial-products-challenge\\src\\app\\core\\services\\product.service.ts": {"path":"D:\\carlos\\proyectos\\financial-products-challenge\\src\\app\\core\\services\\product.service.ts","statementMap":{"0":{"start":{"line":1,"column":0},"end":{"line":1,"column":43}},"1":{"start":{"line":2,"column":0},"end":{"line":2,"column":68}},"2":{"start":{"line":3,"column":0},"end":{"line":3,"column":59}},"3":{"start":{"line":4,"column":0},"end":{"line":4,"column":69}},"4":{"start":{"line":15,"column":22},"end":{"line":15,"column":38}},"5":{"start":{"line":13,"column":10},"end":{"line":13,"column":59}},"6":{"start":{"line":19,"column":4},"end":{"line":28,"column":8}},"7":{"start":{"line":21,"column":24},"end":{"line":21,"column":37}},"8":{"start":{"line":23,"column":10},"end":{"line":25,"column":null}},"9":{"start":{"line":24,"column":12},"end":{"line":24,"column":51}},"10":{"start":{"line":33,"column":4},"end":{"line":41,"column":8}},"11":{"start":{"line":36,"column":10},"end":{"line":38,"column":null}},"12":{"start":{"line":37,"column":12},"end":{"line":37,"column":50}},"13":{"start":{"line":46,"column":4},"end":{"line":54,"column":8}},"14":{"start":{"line":49,"column":10},"end":{"line":51,"column":null}},"15":{"start":{"line":50,"column":12},"end":{"line":50,"column":50}},"16":{"start":{"line":59,"column":4},"end":{"line":67,"column":8}},"17":{"start":{"line":62,"column":10},"end":{"line":64,"column":null}},"18":{"start":{"line":63,"column":12},"end":{"line":63,"column":57}},"19":{"start":{"line":72,"column":4},"end":{"line":80,"column":8}},"20":{"start":{"line":75,"column":10},"end":{"line":77,"column":null}},"21":{"start":{"line":76,"column":12},"end":{"line":76,"column":64}},"22":{"start":{"line":85,"column":23},"end":{"line":85,"column":25}},"23":{"start":{"line":86,"column":4},"end":{"line":92,"column":null}},"24":{"start":{"line":88,"column":6},"end":{"line":88,"column":65}},"25":{"start":{"line":91,"column":6},"end":{"line":91,"column":99}},"26":{"start":{"line":93,"column":4},"end":{"line":93,"column":32}},"27":{"start":{"line":94,"column":4},"end":{"line":94,"column":90}},"28":{"start":{"line":94,"column":28},"end":{"line":94,"column":88}},"29":{"start":{"line":11,"column":13},"end":{"line":96,"column":null}}},"fnMap":{"0":{"name":"(anonymous_0)","decl":{"start":{"line":15,"column":2},"end":{"line":15,"column":22}},"loc":{"start":{"line":15,"column":38},"end":{"line":15,"column":43}}},"1":{"name":"(anonymous_1)","decl":{"start":{"line":18,"column":2},"end":{"line":18,"column":13}},"loc":{"start":{"line":18,"column":13},"end":{"line":29,"column":3}}},"2":{"name":"(anonymous_2)","decl":{"start":{"line":21,"column":12},"end":{"line":21,"column":20}},"loc":{"start":{"line":21,"column":24},"end":{"line":21,"column":37}}},"3":{"name":"(anonymous_3)","decl":{"start":{"line":22,"column":12},"end":{"line":22,"column":16}},"loc":{"start":{"line":22,"column":19},"end":{"line":26,"column":9}}},"4":{"name":"(anonymous_4)","decl":{"start":{"line":32,"column":2},"end":{"line":32,"column":15}},"loc":{"start":{"line":32,"column":32},"end":{"line":42,"column":3}}},"5":{"name":"(anonymous_5)","decl":{"start":{"line":35,"column":12},"end":{"line":35,"column":16}},"loc":{"start":{"line":35,"column":19},"end":{"line":39,"column":9}}},"6":{"name":"(anonymous_6)","decl":{"start":{"line":45,"column":2},"end":{"line":45,"column":15}},"loc":{"start":{"line":45,"column":44},"end":{"line":55,"column":3}}},"7":{"name":"(anonymous_7)","decl":{"start":{"line":48,"column":12},"end":{"line":48,"column":16}},"loc":{"start":{"line":48,"column":19},"end":{"line":52,"column":9}}},"8":{"name":"(anonymous_8)","decl":{"start":{"line":58,"column":2},"end":{"line":58,"column":15}},"loc":{"start":{"line":58,"column":26},"end":{"line":68,"column":3}}},"9":{"name":"(anonymous_9)","decl":{"start":{"line":61,"column":12},"end":{"line":61,"column":15}},"loc":{"start":{"line":61,"column":17},"end":{"line":65,"column":9}}},"10":{"name":"(anonymous_10)","decl":{"start":{"line":71,"column":2},"end":{"line":71,"column":17}},"loc":{"start":{"line":71,"column":28},"end":{"line":81,"column":3}}},"11":{"name":"(anonymous_11)","decl":{"start":{"line":74,"column":12},"end":{"line":74,"column":18}},"loc":{"start":{"line":74,"column":21},"end":{"line":78,"column":9}}},"12":{"name":"(anonymous_12)","decl":{"start":{"line":84,"column":10},"end":{"line":84,"column":21}},"loc":{"start":{"line":84,"column":46},"end":{"line":95,"column":3}}},"13":{"name":"(anonymous_13)","decl":{"start":{"line":94,"column":22},"end":{"line":94,"column":25}},"loc":{"start":{"line":94,"column":28},"end":{"line":94,"column":88}}}},"branchMap":{"0":{"loc":{"start":{"line":23,"column":10},"end":{"line":25,"column":null}},"type":"if","locations":[{"start":{"line":23,"column":10},"end":{"line":25,"column":null}}]},"1":{"loc":{"start":{"line":36,"column":10},"end":{"line":38,"column":null}},"type":"if","locations":[{"start":{"line":36,"column":10},"end":{"line":38,"column":null}}]},"2":{"loc":{"start":{"line":49,"column":10},"end":{"line":51,"column":null}},"type":"if","locations":[{"start":{"line":49,"column":10},"end":{"line":51,"column":null}}]},"3":{"loc":{"start":{"line":62,"column":10},"end":{"line":64,"column":null}},"type":"if","locations":[{"start":{"line":62,"column":10},"end":{"line":64,"column":null}}]},"4":{"loc":{"start":{"line":75,"column":10},"end":{"line":77,"column":null}},"type":"if","locations":[{"start":{"line":75,"column":10},"end":{"line":77,"column":null}}]},"5":{"loc":{"start":{"line":86,"column":4},"end":{"line":92,"column":null}},"type":"if","locations":[{"start":{"line":86,"column":4},"end":{"line":92,"column":null}},{"start":{"line":89,"column":11},"end":{"line":92,"column":null}}]}},"s":{"0":3,"1":3,"2":3,"3":3,"4":10,"5":10,"6":2,"7":1,"8":1,"9":1,"10":2,"11":1,"12":1,"13":2,"14":1,"15":1,"16":2,"17":1,"18":1,"19":2,"20":1,"21":1,"22":5,"23":5,"24":0,"25":5,"26":5,"27":5,"28":5,"29":3},"f":{"0":10,"1":2,"2":1,"3":1,"4":2,"5":1,"6":2,"7":1,"8":2,"9":1,"10":2,"11":1,"12":5,"13":5},"b":{"0":[1],"1":[1],"2":[1],"3":[1],"4":[1],"5":[0,5]}}
,"D:\\carlos\\proyectos\\financial-products-challenge\\src\\app\\core\\validators\\date.validators.ts": {"path":"D:\\carlos\\proyectos\\financial-products-challenge\\src\\app\\core\\validators\\date.validators.ts","statementMap":{"0":{"start":{"line":4,"column":2},"end":{"line":13,"column":4}},"1":{"start":{"line":5,"column":31},"end":{"line":5,"column":44}},"2":{"start":{"line":6,"column":4},"end":{"line":6,"column":41}},"3":{"start":{"line":6,"column":29},"end":{"line":6,"column":41}},"4":{"start":{"line":7,"column":31},"end":{"line":7,"column":72}},"5":{"start":{"line":8,"column":25},"end":{"line":8,"column":55}},"6":{"start":{"line":9,"column":18},"end":{"line":9,"column":28}},"7":{"start":{"line":10,"column":35},"end":{"line":10,"column":120}},"8":{"start":{"line":11,"column":28},"end":{"line":11,"column":92}},"9":{"start":{"line":12,"column":4},"end":{"line":12,"column":84}},"10":{"start":{"line":3,"column":0},"end":{"line":3,"column":16}},"11":{"start":{"line":17,"column":2},"end":{"line":23,"column":4}},"12":{"start":{"line":18,"column":24},"end":{"line":18,"column":40}},"13":{"start":{"line":19,"column":4},"end":{"line":19,"column":34}},"14":{"start":{"line":19,"column":22},"end":{"line":19,"column":34}},"15":{"start":{"line":20,"column":25},"end":{"line":20,"column":46}},"16":{"start":{"line":21,"column":4},"end":{"line":21,"column":61}},"17":{"start":{"line":22,"column":4},"end":{"line":22,"column":105}},"18":{"start":{"line":16,"column":0},"end":{"line":16,"column":16}}},"fnMap":{"0":{"name":"dateReleaseValidator","decl":{"start":{"line":3,"column":16},"end":{"line":3,"column":36}},"loc":{"start":{"line":3,"column":36},"end":{"line":14,"column":1}}},"1":{"name":"(anonymous_1)","decl":{"start":{"line":4,"column":9},"end":{"line":4,"column":10}},"loc":{"start":{"line":4,"column":63},"end":{"line":13,"column":3}}},"2":{"name":"dateRevisionValidator","decl":{"start":{"line":16,"column":16},"end":{"line":16,"column":37}},"loc":{"start":{"line":16,"column":73},"end":{"line":24,"column":1}}},"3":{"name":"(anonymous_3)","decl":{"start":{"line":17,"column":9},"end":{"line":17,"column":10}},"loc":{"start":{"line":17,"column":63},"end":{"line":23,"column":3}}}},"branchMap":{"0":{"loc":{"start":{"line":6,"column":4},"end":{"line":6,"column":41}},"type":"if","locations":[{"start":{"line":6,"column":4},"end":{"line":6,"column":41}}]},"1":{"loc":{"start":{"line":12,"column":11},"end":{"line":12,"column":83}},"type":"cond-expr","locations":[{"start":{"line":12,"column":55},"end":{"line":12,"column":59}},{"start":{"line":12,"column":62},"end":{"line":12,"column":83}}]},"2":{"loc":{"start":{"line":19,"column":4},"end":{"line":19,"column":34}},"type":"if","locations":[{"start":{"line":19,"column":4},"end":{"line":19,"column":34}}]},"3":{"loc":{"start":{"line":22,"column":11},"end":{"line":22,"column":104}},"type":"cond-expr","locations":[{"start":{"line":22,"column":75},"end":{"line":22,"column":79}},{"start":{"line":22,"column":82},"end":{"line":22,"column":104}}]}},"s":{"0":63,"1":131,"2":131,"3":118,"4":13,"5":13,"6":13,"7":13,"8":13,"9":13,"10":2,"11":61,"12":9,"13":9,"14":3,"15":6,"16":6,"17":6,"18":2},"f":{"0":63,"1":131,"2":61,"3":9},"b":{"0":[118],"1":[4,9],"2":[3],"3":[4,2]}}
,"D:\\carlos\\proyectos\\financial-products-challenge\\src\\app\\products\\pages\\product-form\\product-form.component.html": {"path":"D:\\carlos\\proyectos\\financial-products-challenge\\src\\app\\products\\pages\\product-form\\product-form.component.html","statementMap":{"0":{"start":{"line":1,"column":0},"end":{"line":1,"column":2879}}},"fnMap":{},"branchMap":{},"s":{"0":1},"f":{},"b":{},"_coverageSchema":"1a1c01bbd47fc00a2c39e90264f33305004495a9","hash":"5840bc7f10c64dd606db6b224357c9500385a795"}
,"D:\\carlos\\proyectos\\financial-products-challenge\\src\\app\\products\\pages\\product-form\\product-form.component.ts": {"path":"D:\\carlos\\proyectos\\financial-products-challenge\\src\\app\\products\\pages\\product-form\\product-form.component.ts","statementMap":{"0":{"start":{"line":1,"column":0},"end":{"line":1,"column":50}},"1":{"start":{"line":2,"column":0},"end":{"line":2,"column":121}},"2":{"start":{"line":3,"column":0},"end":{"line":3,"column":57}},"3":{"start":{"line":4,"column":0},"end":{"line":4,"column":134}},"4":{"start":{"line":5,"column":0},"end":{"line":5,"column":71}},"5":{"start":{"line":7,"column":0},"end":{"line":7,"column":102}},"6":{"start":{"line":52,"column":12},"end":{"line":52,"column":27}},"7":{"start":{"line":53,"column":12},"end":{"line":53,"column":42}},"8":{"start":{"line":54,"column":12},"end":{"line":54,"column":26}},"9":{"start":{"line":55,"column":12},"end":{"line":55,"column":33}},"10":{"start":{"line":16,"column":2},"end":{"line":16,"column":21}},"11":{"start":{"line":17,"column":2},"end":{"line":17,"column":34}},"12":{"start":{"line":20,"column":19},"end":{"line":49,"column":4}},"13":{"start":{"line":59,"column":23},"end":{"line":59,"column":55}},"14":{"start":{"line":60,"column":4},"end":{"line":60,"column":43}},"15":{"start":{"line":61,"column":4},"end":{"line":67,"column":null}},"16":{"start":{"line":62,"column":6},"end":{"line":62,"column":62}},"17":{"start":{"line":63,"column":6},"end":{"line":66,"column":null}},"18":{"start":{"line":64,"column":8},"end":{"line":64,"column":44}},"19":{"start":{"line":65,"column":8},"end":{"line":65,"column":15}},"20":{"start":{"line":68,"column":4},"end":{"line":68,"column":20}},"21":{"start":{"line":72,"column":4},"end":{"line":104,"column":7}},"22":{"start":{"line":103,"column":58},"end":{"line":103,"column":101}},"23":{"start":{"line":106,"column":4},"end":{"line":121,"column":null}},"24":{"start":{"line":107,"column":6},"end":{"line":107,"column":44}},"25":{"start":{"line":108,"column":6},"end":{"line":120,"column":9}},"26":{"start":{"line":109,"column":30},"end":{"line":109,"column":73}},"27":{"start":{"line":109,"column":49},"end":{"line":109,"column":72}},"28":{"start":{"line":110,"column":8},"end":{"line":119,"column":null}},"29":{"start":{"line":111,"column":35},"end":{"line":111,"column":55}},"30":{"start":{"line":114,"column":10},"end":{"line":114,"column":86}},"31":{"start":{"line":115,"column":10},"end":{"line":115,"column":88}},"32":{"start":{"line":116,"column":10},"end":{"line":116,"column":56}},"33":{"start":{"line":118,"column":10},"end":{"line":118,"column":46}},"34":{"start":{"line":123,"column":4},"end":{"line":125,"column":7}},"35":{"start":{"line":124,"column":6},"end":{"line":124,"column":37}},"36":{"start":{"line":131,"column":4},"end":{"line":155,"column":6}},"37":{"start":{"line":132,"column":6},"end":{"line":134,"column":null}},"38":{"start":{"line":133,"column":8},"end":{"line":133,"column":24}},"39":{"start":{"line":136,"column":6},"end":{"line":138,"column":null}},"40":{"start":{"line":137,"column":8},"end":{"line":137,"column":24}},"41":{"start":{"line":140,"column":6},"end":{"line":154,"column":8}},"42":{"start":{"line":142,"column":34},"end":{"line":142,"column":41}},"43":{"start":{"line":146,"column":10},"end":{"line":148,"column":null}},"44":{"start":{"line":147,"column":12},"end":{"line":147,"column":28}},"45":{"start":{"line":149,"column":10},"end":{"line":151,"column":12}},"46":{"start":{"line":150,"column":26},"end":{"line":150,"column":60}},"47":{"start":{"line":160,"column":4},"end":{"line":164,"column":null}},"48":{"start":{"line":161,"column":19},"end":{"line":161,"column":40}},"49":{"start":{"line":162,"column":6},"end":{"line":162,"column":47}},"50":{"start":{"line":163,"column":6},"end":{"line":163,"column":91}},"51":{"start":{"line":168,"column":4},"end":{"line":189,"column":null}},"52":{"start":{"line":169,"column":24},"end":{"line":169,"column":54}},"53":{"start":{"line":172,"column":31},"end":{"line":176,"column":8}},"54":{"start":{"line":178,"column":6},"end":{"line":188,"column":null}},"55":{"start":{"line":179,"column":8},"end":{"line":182,"column":11}},"56":{"start":{"line":180,"column":22},"end":{"line":180,"column":57}},"57":{"start":{"line":181,"column":26},"end":{"line":181,"column":44}},"58":{"start":{"line":184,"column":8},"end":{"line":187,"column":11}},"59":{"start":{"line":185,"column":22},"end":{"line":185,"column":57}},"60":{"start":{"line":186,"column":26},"end":{"line":186,"column":44}},"61":{"start":{"line":193,"column":4},"end":{"line":193,"column":29}},"62":{"start":{"line":197,"column":20},"end":{"line":197,"column":53}},"63":{"start":{"line":198,"column":4},"end":{"line":198,"column":80}},"64":{"start":{"line":202,"column":20},"end":{"line":202,"column":53}},"65":{"start":{"line":203,"column":4},"end":{"line":211,"column":null}},"66":{"start":{"line":204,"column":21},"end":{"line":204,"column":35}},"67":{"start":{"line":205,"column":23},"end":{"line":205,"column":54}},"68":{"start":{"line":206,"column":6},"end":{"line":210,"column":null}},"69":{"start":{"line":207,"column":8},"end":{"line":209,"column":null}},"70":{"start":{"line":208,"column":10},"end":{"line":208,"column":31}},"71":{"start":{"line":212,"column":4},"end":{"line":212,"column":16}},"72":{"start":{"line":216,"column":14},"end":{"line":216,"column":28}},"73":{"start":{"line":217,"column":16},"end":{"line":217,"column":42}},"74":{"start":{"line":218,"column":14},"end":{"line":218,"column":33}},"75":{"start":{"line":219,"column":17},"end":{"line":219,"column":35}},"76":{"start":{"line":221,"column":4},"end":{"line":223,"column":null}},"77":{"start":{"line":222,"column":6},"end":{"line":222,"column":26}},"78":{"start":{"line":224,"column":4},"end":{"line":226,"column":null}},"79":{"start":{"line":225,"column":6},"end":{"line":225,"column":22}},"80":{"start":{"line":228,"column":4},"end":{"line":228,"column":40}},"81":{"start":{"line":232,"column":4},"end":{"line":232,"column":57}},"82":{"start":{"line":235,"column":4},"end":{"line":235,"column":59}},"83":{"start":{"line":14,"column":13},"end":{"line":237,"column":null}}},"fnMap":{"0":{"name":"(anonymous_0)","decl":{"start":{"line":51,"column":2},"end":{"line":51,"column":null}},"loc":{"start":{"line":55,"column":33},"end":{"line":56,"column":7}}},"1":{"name":"(anonymous_1)","decl":{"start":{"line":58,"column":2},"end":{"line":58,"column":10}},"loc":{"start":{"line":58,"column":10},"end":{"line":69,"column":3}}},"2":{"name":"(anonymous_2)","decl":{"start":{"line":71,"column":2},"end":{"line":71,"column":10}},"loc":{"start":{"line":71,"column":10},"end":{"line":126,"column":3}}},"3":{"name":"(anonymous_3)","decl":{"start":{"line":103,"column":52},"end":{"line":103,"column":55}},"loc":{"start":{"line":103,"column":58},"end":{"line":103,"column":101}}},"4":{"name":"(anonymous_4)","decl":{"start":{"line":108,"column":50},"end":{"line":108,"column":58}},"loc":{"start":{"line":108,"column":61},"end":{"line":120,"column":7}}},"5":{"name":"(anonymous_5)","decl":{"start":{"line":109,"column":44},"end":{"line":109,"column":45}},"loc":{"start":{"line":109,"column":49},"end":{"line":109,"column":72}}},"6":{"name":"(anonymous_6)","decl":{"start":{"line":123,"column":65},"end":{"line":123,"column":70}},"loc":{"start":{"line":123,"column":73},"end":{"line":125,"column":5}}},"7":{"name":"(anonymous_7)","decl":{"start":{"line":130,"column":2},"end":{"line":130,"column":13}},"loc":{"start":{"line":130,"column":13},"end":{"line":156,"column":3}}},"8":{"name":"(anonymous_8)","decl":{"start":{"line":131,"column":11},"end":{"line":131,"column":12}},"loc":{"start":{"line":131,"column":77},"end":{"line":155,"column":5}}},"9":{"name":"(anonymous_9)","decl":{"start":{"line":142,"column":15},"end":{"line":142,"column":16}},"loc":{"start":{"line":142,"column":34},"end":{"line":142,"column":41}}},"10":{"name":"(anonymous_10)","decl":{"start":{"line":145,"column":18},"end":{"line":145,"column":20}},"loc":{"start":{"line":145,"column":23},"end":{"line":152,"column":9}}},"11":{"name":"(anonymous_11)","decl":{"start":{"line":150,"column":16},"end":{"line":150,"column":22}},"loc":{"start":{"line":150,"column":26},"end":{"line":150,"column":60}}},"12":{"name":"(anonymous_12)","decl":{"start":{"line":159,"column":2},"end":{"line":159,"column":20}},"loc":{"start":{"line":159,"column":40},"end":{"line":165,"column":3}}},"13":{"name":"(anonymous_13)","decl":{"start":{"line":167,"column":2},"end":{"line":167,"column":10}},"loc":{"start":{"line":167,"column":10},"end":{"line":190,"column":3}}},"14":{"name":"(anonymous_14)","decl":{"start":{"line":180,"column":16},"end":{"line":180,"column":19}},"loc":{"start":{"line":180,"column":22},"end":{"line":180,"column":57}}},"15":{"name":"(anonymous_15)","decl":{"start":{"line":181,"column":17},"end":{"line":181,"column":18}},"loc":{"start":{"line":181,"column":26},"end":{"line":181,"column":44}}},"16":{"name":"(anonymous_16)","decl":{"start":{"line":185,"column":16},"end":{"line":185,"column":19}},"loc":{"start":{"line":185,"column":22},"end":{"line":185,"column":57}}},"17":{"name":"(anonymous_17)","decl":{"start":{"line":186,"column":17},"end":{"line":186,"column":18}},"loc":{"start":{"line":186,"column":26},"end":{"line":186,"column":44}}},"18":{"name":"(anonymous_18)","decl":{"start":{"line":192,"column":2},"end":{"line":192,"column":9}},"loc":{"start":{"line":192,"column":9},"end":{"line":194,"column":3}}},"19":{"name":"(anonymous_19)","decl":{"start":{"line":196,"column":2},"end":{"line":196,"column":11}},"loc":{"start":{"line":196,"column":31},"end":{"line":199,"column":3}}},"20":{"name":"(anonymous_20)","decl":{"start":{"line":201,"column":2},"end":{"line":201,"column":17}},"loc":{"start":{"line":201,"column":37},"end":{"line":213,"column":3}}},"21":{"name":"(anonymous_21)","decl":{"start":{"line":215,"column":2},"end":{"line":215,"column":12}},"loc":{"start":{"line":215,"column":25},"end":{"line":229,"column":3}}},"22":{"name":"(anonymous_22)","decl":{"start":{"line":231,"column":2},"end":{"line":231,"column":6}},"loc":{"start":{"line":231,"column":8},"end":{"line":233,"column":3}}},"23":{"name":"(anonymous_23)","decl":{"start":{"line":234,"column":2},"end":{"line":234,"column":6}},"loc":{"start":{"line":234,"column":10},"end":{"line":236,"column":3}}}},"branchMap":{"0":{"loc":{"start":{"line":61,"column":4},"end":{"line":67,"column":null}},"type":"if","locations":[{"start":{"line":61,"column":4},"end":{"line":67,"column":null}}]},"1":{"loc":{"start":{"line":63,"column":6},"end":{"line":66,"column":null}},"type":"if","locations":[{"start":{"line":63,"column":6},"end":{"line":66,"column":null}}]},"2":{"loc":{"start":{"line":79,"column":25},"end":{"line":79,"column":81}},"type":"cond-expr","locations":[{"start":{"line":79,"column":43},"end":{"line":79,"column":47}},{"start":{"line":79,"column":50},"end":{"line":79,"column":81}}]},"3":{"loc":{"start":{"line":96,"column":25},"end":{"line":98,"column":53}},"type":"cond-expr","locations":[{"start":{"line":97,"column":8},"end":{"line":97,"column":29}},{"start":{"line":98,"column":8},"end":{"line":98,"column":53}}]},"4":{"loc":{"start":{"line":101,"column":53},"end":{"line":103,"column":103}},"type":"cond-expr","locations":[{"start":{"line":102,"column":8},"end":{"line":102,"column":29}},{"start":{"line":103,"column":8},"end":{"line":103,"column":103}}]},"5":{"loc":{"start":{"line":106,"column":4},"end":{"line":121,"column":null}},"type":"if","locations":[{"start":{"line":106,"column":4},"end":{"line":121,"column":null}}]},"6":{"loc":{"start":{"line":110,"column":8},"end":{"line":119,"column":null}},"type":"if","locations":[{"start":{"line":110,"column":8},"end":{"line":119,"column":null}},{"start":{"line":117,"column":15},"end":{"line":119,"column":null}}]},"7":{"loc":{"start":{"line":132,"column":6},"end":{"line":134,"column":null}},"type":"if","locations":[{"start":{"line":132,"column":6},"end":{"line":134,"column":null}}]},"8":{"loc":{"start":{"line":132,"column":10},"end":{"line":132,"column":45}},"type":"binary-expr","locations":[{"start":{"line":132,"column":10},"end":{"line":132,"column":25}},{"start":{"line":132,"column":29},"end":{"line":132,"column":45}}]},"9":{"loc":{"start":{"line":136,"column":6},"end":{"line":138,"column":null}},"type":"if","locations":[{"start":{"line":136,"column":6},"end":{"line":138,"column":null}}]},"10":{"loc":{"start":{"line":146,"column":10},"end":{"line":148,"column":null}},"type":"if","locations":[{"start":{"line":146,"column":10},"end":{"line":148,"column":null}}]},"11":{"loc":{"start":{"line":150,"column":26},"end":{"line":150,"column":60}},"type":"cond-expr","locations":[{"start":{"line":150,"column":35},"end":{"line":150,"column":53}},{"start":{"line":150,"column":56},"end":{"line":150,"column":60}}]},"12":{"loc":{"start":{"line":160,"column":4},"end":{"line":164,"column":null}},"type":"if","locations":[{"start":{"line":160,"column":4},"end":{"line":164,"column":null}}]},"13":{"loc":{"start":{"line":168,"column":4},"end":{"line":189,"column":null}},"type":"if","locations":[{"start":{"line":168,"column":4},"end":{"line":189,"column":null}}]},"14":{"loc":{"start":{"line":178,"column":6},"end":{"line":188,"column":null}},"type":"if","locations":[{"start":{"line":178,"column":6},"end":{"line":188,"column":null}},{"start":{"line":183,"column":13},"end":{"line":188,"column":null}}]},"15":{"loc":{"start":{"line":198,"column":14},"end":{"line":198,"column":78}},"type":"binary-expr","locations":[{"start":{"line":198,"column":14},"end":{"line":198,"column":21}},{"start":{"line":198,"column":25},"end":{"line":198,"column":40}},{"start":{"line":198,"column":45},"end":{"line":198,"column":58}},{"start":{"line":198,"column":62},"end":{"line":198,"column":77}}]},"16":{"loc":{"start":{"line":203,"column":4},"end":{"line":211,"column":null}},"type":"if","locations":[{"start":{"line":203,"column":4},"end":{"line":211,"column":null}}]},"17":{"loc":{"start":{"line":203,"column":8},"end":{"line":203,"column":71}},"type":"binary-expr","locations":[{"start":{"line":203,"column":8},"end":{"line":203,"column":15}},{"start":{"line":203,"column":19},"end":{"line":203,"column":33}},{"start":{"line":203,"column":38},"end":{"line":203,"column":51}},{"start":{"line":203,"column":55},"end":{"line":203,"column":70}}]},"18":{"loc":{"start":{"line":207,"column":8},"end":{"line":209,"column":null}},"type":"if","locations":[{"start":{"line":207,"column":8},"end":{"line":209,"column":null}}]},"19":{"loc":{"start":{"line":221,"column":4},"end":{"line":223,"column":null}},"type":"if","locations":[{"start":{"line":221,"column":4},"end":{"line":223,"column":null}}]},"20":{"loc":{"start":{"line":224,"column":4},"end":{"line":226,"column":null}},"type":"if","locations":[{"start":{"line":224,"column":4},"end":{"line":226,"column":null}}]}},"s":{"0":1,"1":1,"2":1,"3":1,"4":1,"5":1,"6":35,"7":35,"8":35,"9":35,"10":35,"11":35,"12":35,"13":65,"14":65,"15":65,"16":7,"17":7,"18":2,"19":2,"20":63,"21":63,"22":6,"23":63,"24":5,"25":5,"26":5,"27":3,"28":5,"29":3,"30":3,"31":3,"32":3,"33":2,"34":63,"35":12,"36":58,"37":7,"38":1,"39":6,"40":0,"41":6,"42":12,"43":5,"44":0,"45":5,"46":5,"47":12,"48":10,"49":10,"50":10,"51":4,"52":3,"53":3,"54":3,"55":2,"56":1,"57":1,"58":1,"59":0,"60":1,"61":1,"62":1587,"63":1587,"64":21,"65":21,"66":19,"67":19,"68":19,"69":19,"70":19,"71":2,"72":7,"73":7,"74":7,"75":7,"76":7,"77":7,"78":7,"79":7,"80":7,"81":0,"82":0,"83":1},"f":{"0":35,"1":65,"2":63,"3":6,"4":5,"5":3,"6":12,"7":58,"8":7,"9":12,"10":5,"11":5,"12":12,"13":4,"14":1,"15":1,"16":0,"17":1,"18":1,"19":1587,"20":21,"21":7,"22":0,"23":0},"b":{"0":[7],"1":[2],"2":[5,58],"3":[5,58],"4":[5,58],"5":[5],"6":[3,2],"7":[1],"8":[7,6],"9":[0],"10":[0],"11":[0,5],"12":[10],"13":[3],"14":[2,1],"15":[1587,1587,903,898],"16":[19],"17":[21,21,19,17],"18":[19],"19":[7],"20":[7]}}
,"D:\\carlos\\proyectos\\financial-products-challenge\\src\\app\\products\\pages\\product-list\\product-list.component.html": {"path":"D:\\carlos\\proyectos\\financial-products-challenge\\src\\app\\products\\pages\\product-list\\product-list.component.html","statementMap":{"0":{"start":{"line":1,"column":0},"end":{"line":1,"column":2715}}},"fnMap":{},"branchMap":{},"s":{"0":1},"f":{},"b":{},"_coverageSchema":"1a1c01bbd47fc00a2c39e90264f33305004495a9","hash":"a01beafb506c50c21b01a46aee2c8de5aefc1223"}
,"D:\\carlos\\proyectos\\financial-products-challenge\\src\\app\\products\\pages\\product-list\\product-list.component.ts": {"path":"D:\\carlos\\proyectos\\financial-products-challenge\\src\\app\\products\\pages\\product-list\\product-list.component.ts","statementMap":{"0":{"start":{"line":1,"column":0},"end":{"line":1,"column":50}},"1":{"start":{"line":3,"column":0},"end":{"line":3,"column":71}},"2":{"start":{"line":4,"column":0},"end":{"line":4,"column":41}},"3":{"start":{"line":5,"column":0},"end":{"line":5,"column":67}},"4":{"start":{"line":23,"column":12},"end":{"line":23,"column":42}},"5":{"start":{"line":24,"column":12},"end":{"line":24,"column":26}},"6":{"start":{"line":25,"column":12},"end":{"line":25,"column":38}},"7":{"start":{"line":13,"column":2},"end":{"line":13,"column":27}},"8":{"start":{"line":14,"column":2},"end":{"line":14,"column":35}},"9":{"start":{"line":15,"column":2},"end":{"line":15,"column":36}},"10":{"start":{"line":16,"column":2},"end":{"line":16,"column":26}},"11":{"start":{"line":17,"column":2},"end":{"line":17,"column":23}},"12":{"start":{"line":20,"column":2},"end":{"line":20,"column":19}},"13":{"start":{"line":77,"column":2},"end":{"line":80,"column":4}},"14":{"start":{"line":29,"column":4},"end":{"line":29,"column":24}},"15":{"start":{"line":33,"column":4},"end":{"line":33,"column":26}},"16":{"start":{"line":34,"column":4},"end":{"line":44,"column":7}},"17":{"start":{"line":36,"column":8},"end":{"line":36,"column":29}},"18":{"start":{"line":37,"column":8},"end":{"line":37,"column":40}},"19":{"start":{"line":38,"column":8},"end":{"line":38,"column":31}},"20":{"start":{"line":41,"column":8},"end":{"line":41,"column":27}},"21":{"start":{"line":42,"column":8},"end":{"line":42,"column":31}},"22":{"start":{"line":49,"column":4},"end":{"line":52,"column":6}},"23":{"start":{"line":50,"column":6},"end":{"line":51,"column":73}},"24":{"start":{"line":54,"column":4},"end":{"line":54,"column":75}},"25":{"start":{"line":58,"column":4},"end":{"line":58,"column":44}},"26":{"start":{"line":62,"column":4},"end":{"line":62,"column":57}},"27":{"start":{"line":66,"column":4},"end":{"line":69,"column":7}},"28":{"start":{"line":67,"column":18},"end":{"line":67,"column":37}},"29":{"start":{"line":68,"column":22},"end":{"line":68,"column":40}},"30":{"start":{"line":73,"column":4},"end":{"line":73,"column":67}},"31":{"start":{"line":83,"column":4},"end":{"line":87,"column":null}},"32":{"start":{"line":84,"column":6},"end":{"line":84,"column":32}},"33":{"start":{"line":85,"column":11},"end":{"line":87,"column":null}},"34":{"start":{"line":86,"column":6},"end":{"line":86,"column":36}},"35":{"start":{"line":12,"column":13},"end":{"line":89,"column":null}}},"fnMap":{"0":{"name":"(anonymous_0)","decl":{"start":{"line":22,"column":2},"end":{"line":22,"column":null}},"loc":{"start":{"line":25,"column":38},"end":{"line":26,"column":7}}},"1":{"name":"(anonymous_1)","decl":{"start":{"line":28,"column":2},"end":{"line":28,"column":10}},"loc":{"start":{"line":28,"column":10},"end":{"line":30,"column":3}}},"2":{"name":"(anonymous_2)","decl":{"start":{"line":32,"column":2},"end":{"line":32,"column":14}},"loc":{"start":{"line":32,"column":14},"end":{"line":45,"column":3}}},"3":{"name":"(anonymous_3)","decl":{"start":{"line":35,"column":12},"end":{"line":35,"column":13}},"loc":{"start":{"line":35,"column":21},"end":{"line":39,"column":7}}},"4":{"name":"(anonymous_4)","decl":{"start":{"line":40,"column":13},"end":{"line":40,"column":14}},"loc":{"start":{"line":40,"column":21},"end":{"line":43,"column":7}}},"5":{"name":"(anonymous_5)","decl":{"start":{"line":47,"column":2},"end":{"line":47,"column":26}},"loc":{"start":{"line":47,"column":26},"end":{"line":55,"column":3}}},"6":{"name":"(anonymous_6)","decl":{"start":{"line":49,"column":49},"end":{"line":49,"column":50}},"loc":{"start":{"line":50,"column":6},"end":{"line":51,"column":73}}},"7":{"name":"(anonymous_7)","decl":{"start":{"line":57,"column":2},"end":{"line":57,"column":16}},"loc":{"start":{"line":57,"column":16},"end":{"line":59,"column":3}}},"8":{"name":"(anonymous_8)","decl":{"start":{"line":61,"column":2},"end":{"line":61,"column":13}},"loc":{"start":{"line":61,"column":30},"end":{"line":63,"column":3}}},"9":{"name":"(anonymous_9)","decl":{"start":{"line":65,"column":2},"end":{"line":65,"column":15}},"loc":{"start":{"line":65,"column":33},"end":{"line":70,"column":3}}},"10":{"name":"(anonymous_10)","decl":{"start":{"line":67,"column":12},"end":{"line":67,"column":15}},"loc":{"start":{"line":67,"column":18},"end":{"line":67,"column":37}}},"11":{"name":"(anonymous_11)","decl":{"start":{"line":68,"column":13},"end":{"line":68,"column":14}},"loc":{"start":{"line":68,"column":22},"end":{"line":68,"column":40}}},"12":{"name":"(anonymous_12)","decl":{"start":{"line":72,"column":2},"end":{"line":72,"column":17}},"loc":{"start":{"line":72,"column":34},"end":{"line":74,"column":3}}},"13":{"name":"(anonymous_13)","decl":{"start":{"line":82,"column":2},"end":{"line":82,"column":18}},"loc":{"start":{"line":82,"column":48},"end":{"line":88,"column":3}}}},"branchMap":{"0":{"loc":{"start":{"line":50,"column":6},"end":{"line":51,"column":73}},"type":"binary-expr","locations":[{"start":{"line":50,"column":6},"end":{"line":50,"column":66}},{"start":{"line":51,"column":6},"end":{"line":51,"column":73}}]},"1":{"loc":{"start":{"line":83,"column":4},"end":{"line":87,"column":null}},"type":"if","locations":[{"start":{"line":83,"column":4},"end":{"line":87,"column":null}},{"start":{"line":85,"column":11},"end":{"line":87,"column":null}}]},"2":{"loc":{"start":{"line":85,"column":11},"end":{"line":87,"column":null}},"type":"if","locations":[{"start":{"line":85,"column":11},"end":{"line":87,"column":null}}]}},"s":{"0":1,"1":1,"2":1,"3":1,"4":9,"5":9,"6":9,"7":9,"8":9,"9":9,"10":9,"11":9,"12":9,"13":9,"14":11,"15":12,"16":12,"17":11,"18":11,"19":11,"20":1,"21":1,"22":13,"23":39,"24":13,"25":1,"26":1,"27":1,"28":1,"29":0,"30":1,"31":2,"32":1,"33":1,"34":1,"35":1},"f":{"0":9,"1":11,"2":12,"3":11,"4":1,"5":13,"6":39,"7":1,"8":1,"9":1,"10":1,"11":0,"12":1,"13":2},"b":{"0":[39,0],"1":[1,1],"2":[1]}}
,"D:\\carlos\\proyectos\\financial-products-challenge\\src\\app\\shared\\components\\confirmation-modal\\confirmation-modal.component.html": {"path":"D:\\carlos\\proyectos\\financial-products-challenge\\src\\app\\shared\\components\\confirmation-modal\\confirmation-modal.component.html","statementMap":{"0":{"start":{"line":1,"column":0},"end":{"line":1,"column":523}}},"fnMap":{},"branchMap":{},"s":{"0":1},"f":{},"b":{},"_coverageSchema":"1a1c01bbd47fc00a2c39e90264f33305004495a9","hash":"4d2f83ce60dd3fc2dde3d8cedef956523348fd0d"}
,"D:\\carlos\\proyectos\\financial-products-challenge\\src\\app\\shared\\components\\confirmation-modal\\confirmation-modal.component.ts": {"path":"D:\\carlos\\proyectos\\financial-products-challenge\\src\\app\\shared\\components\\confirmation-modal\\confirmation-modal.component.ts","statementMap":{"0":{"start":{"line":1,"column":0},"end":{"line":1,"column":64}},"1":{"start":{"line":3,"column":0},"end":{"line":3,"column":67}},"2":{"start":{"line":18,"column":22},"end":{"line":18,"column":48}},"3":{"start":{"line":11,"column":2},"end":{"line":11,"column":20}},"4":{"start":{"line":12,"column":2},"end":{"line":12,"column":27}},"5":{"start":{"line":13,"column":2},"end":{"line":13,"column":25}},"6":{"start":{"line":16,"column":12},"end":{"line":16,"column":null}},"7":{"start":{"line":21,"column":4},"end":{"line":29,"column":7}},"8":{"start":{"line":22,"column":6},"end":{"line":28,"column":null}},"9":{"start":{"line":23,"column":8},"end":{"line":23,"column":37}},"10":{"start":{"line":24,"column":8},"end":{"line":24,"column":33}},"11":{"start":{"line":25,"column":8},"end":{"line":25,"column":30}},"12":{"start":{"line":27,"column":8},"end":{"line":27,"column":31}},"13":{"start":{"line":33,"column":4},"end":{"line":35,"column":null}},"14":{"start":{"line":34,"column":6},"end":{"line":34,"column":38}},"15":{"start":{"line":39,"column":4},"end":{"line":39,"column":30}},"16":{"start":{"line":43,"column":4},"end":{"line":43,"column":40}},"17":{"start":{"line":44,"column":4},"end":{"line":44,"column":30}},"18":{"start":{"line":10,"column":13},"end":{"line":46,"column":null}}},"fnMap":{"0":{"name":"(anonymous_0)","decl":{"start":{"line":18,"column":2},"end":{"line":18,"column":22}},"loc":{"start":{"line":18,"column":48},"end":{"line":18,"column":53}}},"1":{"name":"(anonymous_1)","decl":{"start":{"line":20,"column":2},"end":{"line":20,"column":10}},"loc":{"start":{"line":20,"column":10},"end":{"line":30,"column":3}}},"2":{"name":"(anonymous_2)","decl":{"start":{"line":21,"column":57},"end":{"line":21,"column":61}},"loc":{"start":{"line":21,"column":64},"end":{"line":29,"column":5}}},"3":{"name":"(anonymous_3)","decl":{"start":{"line":32,"column":2},"end":{"line":32,"column":13}},"loc":{"start":{"line":32,"column":13},"end":{"line":36,"column":3}}},"4":{"name":"(anonymous_4)","decl":{"start":{"line":38,"column":2},"end":{"line":38,"column":12}},"loc":{"start":{"line":38,"column":12},"end":{"line":40,"column":3}}},"5":{"name":"(anonymous_5)","decl":{"start":{"line":42,"column":2},"end":{"line":42,"column":15}},"loc":{"start":{"line":42,"column":15},"end":{"line":45,"column":3}}}},"branchMap":{"0":{"loc":{"start":{"line":22,"column":6},"end":{"line":28,"column":null}},"type":"if","locations":[{"start":{"line":22,"column":6},"end":{"line":28,"column":null}},{"start":{"line":26,"column":13},"end":{"line":28,"column":null}}]},"1":{"loc":{"start":{"line":33,"column":4},"end":{"line":35,"column":null}},"type":"if","locations":[{"start":{"line":33,"column":4},"end":{"line":35,"column":null}}]}},"s":{"0":1,"1":1,"2":1,"3":1,"4":1,"5":1,"6":1,"7":1,"8":0,"9":0,"10":0,"11":0,"12":0,"13":1,"14":1,"15":0,"16":0,"17":0,"18":1},"f":{"0":1,"1":1,"2":0,"3":1,"4":0,"5":0},"b":{"0":[0,0],"1":[1]}}
,"D:\\carlos\\proyectos\\financial-products-challenge\\src\\app\\shared\\components\\header\\header.component.html": {"path":"D:\\carlos\\proyectos\\financial-products-challenge\\src\\app\\shared\\components\\header\\header.component.html","statementMap":{"0":{"start":{"line":1,"column":0},"end":{"line":1,"column":158}}},"fnMap":{},"branchMap":{},"s":{"0":2},"f":{},"b":{},"_coverageSchema":"1a1c01bbd47fc00a2c39e90264f33305004495a9","hash":"e0bbb85b3467ef561b53dd3d7a7da6a945aa0fbd"}
,"D:\\carlos\\proyectos\\financial-products-challenge\\src\\app\\shared\\components\\header\\header.component.ts": {"path":"D:\\carlos\\proyectos\\financial-products-challenge\\src\\app\\shared\\components\\header\\header.component.ts","statementMap":{"0":{"start":{"line":1,"column":0},"end":{"line":1,"column":49}},"1":{"start":{"line":9,"column":11},"end":{"line":9,"column":null}},"2":{"start":{"line":8,"column":13},"end":{"line":10,"column":null}}},"fnMap":{"0":{"name":"(anonymous_0)","decl":{"start":{"line":8,"column":7},"end":{"line":8,"column":13}},"loc":{"start":{"line":8,"column":7},"end":{"line":10,"column":1}}}},"branchMap":{},"s":{"0":2,"1":4,"2":2},"f":{"0":4},"b":{}}
,"D:\\carlos\\proyectos\\financial-products-challenge\\src\\app\\shared\\components\\options-menu\\options-menu.component.html": {"path":"D:\\carlos\\proyectos\\financial-products-challenge\\src\\app\\shared\\components\\options-menu\\options-menu.component.html","statementMap":{"0":{"start":{"line":1,"column":0},"end":{"line":1,"column":711}}},"fnMap":{},"branchMap":{},"s":{"0":1},"f":{},"b":{},"_coverageSchema":"1a1c01bbd47fc00a2c39e90264f33305004495a9","hash":"d4b93e26f47fd2b3d55c1e32f00f3b5760d254e8"}
,"D:\\carlos\\proyectos\\financial-products-challenge\\src\\app\\shared\\components\\options-menu\\options-menu.component.ts": {"path":"D:\\carlos\\proyectos\\financial-products-challenge\\src\\app\\shared\\components\\options-menu\\options-menu.component.ts","statementMap":{"0":{"start":{"line":1,"column":0},"end":{"line":1,"column":94}},"1":{"start":{"line":21,"column":22},"end":{"line":21,"column":44}},"2":{"start":{"line":12,"column":2},"end":{"line":12,"column":17}},"3":{"start":{"line":13,"column":2},"end":{"line":13,"column":45}},"4":{"start":{"line":15,"column":11},"end":{"line":15,"column":null}},"5":{"start":{"line":16,"column":12},"end":{"line":16,"column":null}},"6":{"start":{"line":24,"column":4},"end":{"line":24,"column":28}},"7":{"start":{"line":25,"column":4},"end":{"line":25,"column":31}},"8":{"start":{"line":27,"column":4},"end":{"line":34,"column":null}},"9":{"start":{"line":28,"column":25},"end":{"line":28,"column":78}},"10":{"start":{"line":30,"column":6},"end":{"line":33,"column":8}},"11":{"start":{"line":38,"column":4},"end":{"line":38,"column":43}},"12":{"start":{"line":39,"column":4},"end":{"line":39,"column":24}},"13":{"start":{"line":43,"column":4},"end":{"line":45,"column":null}},"14":{"start":{"line":44,"column":6},"end":{"line":44,"column":26}},"15":{"start":{"line":11,"column":13},"end":{"line":48,"column":null}}},"fnMap":{"0":{"name":"(anonymous_0)","decl":{"start":{"line":21,"column":2},"end":{"line":21,"column":22}},"loc":{"start":{"line":21,"column":44},"end":{"line":21,"column":49}}},"1":{"name":"(anonymous_1)","decl":{"start":{"line":23,"column":2},"end":{"line":23,"column":12}},"loc":{"start":{"line":23,"column":30},"end":{"line":35,"column":3}}},"2":{"name":"(anonymous_2)","decl":{"start":{"line":37,"column":2},"end":{"line":37,"column":10}},"loc":{"start":{"line":37,"column":51},"end":{"line":40,"column":3}}},"3":{"name":"(anonymous_3)","decl":{"start":{"line":42,"column":2},"end":{"line":42,"column":16}},"loc":{"start":{"line":42,"column":34},"end":{"line":46,"column":3}}}},"branchMap":{"0":{"loc":{"start":{"line":27,"column":4},"end":{"line":34,"column":null}},"type":"if","locations":[{"start":{"line":27,"column":4},"end":{"line":34,"column":null}}]},"1":{"loc":{"start":{"line":43,"column":4},"end":{"line":45,"column":null}},"type":"if","locations":[{"start":{"line":43,"column":4},"end":{"line":45,"column":null}}]}},"s":{"0":1,"1":1,"2":1,"3":1,"4":1,"5":1,"6":0,"7":0,"8":0,"9":0,"10":0,"11":0,"12":0,"13":0,"14":0,"15":1},"f":{"0":1,"1":0,"2":0,"3":0},"b":{"0":[0],"1":[0]}}
,"D:\\carlos\\proyectos\\financial-products-challenge\\src\\app\\shared\\components\\skeleton\\skeleton.component.html": {"path":"D:\\carlos\\proyectos\\financial-products-challenge\\src\\app\\shared\\components\\skeleton\\skeleton.component.html","statementMap":{"0":{"start":{"line":1,"column":0},"end":{"line":1,"column":41}}},"fnMap":{},"branchMap":{},"s":{"0":1},"f":{},"b":{},"_coverageSchema":"1a1c01bbd47fc00a2c39e90264f33305004495a9","hash":"bb983ba397cd55d34ab106b6a11edbfc9cffb571"}
,"D:\\carlos\\proyectos\\financial-products-challenge\\src\\app\\shared\\components\\skeleton\\skeleton.component.ts": {"path":"D:\\carlos\\proyectos\\financial-products-challenge\\src\\app\\shared\\components\\skeleton\\skeleton.component.ts","statementMap":{"0":{"start":{"line":1,"column":0},"end":{"line":1,"column":42}},"1":{"start":{"line":8,"column":30},"end":{"line":10,"column":null}},"2":{"start":{"line":8,"column":13},"end":{"line":10,"column":null}}},"fnMap":{},"branchMap":{},"s":{"0":1,"1":1,"2":1},"f":{},"b":{}}
,"D:\\carlos\\proyectos\\financial-products-challenge\\src\\environments\\environment.ts": {"path":"D:\\carlos\\proyectos\\financial-products-challenge\\src\\environments\\environment.ts","statementMap":{"0":{"start":{"line":1,"column":13},"end":{"line":4,"column":2}}},"fnMap":{},"branchMap":{},"s":{"0":3},"f":{},"b":{}}
}
