TN:
SF:src\app\app.component.html
FNF:0
FNH:0
DA:1,1
LF:1
LH:1
BRF:0
BRH:0
end_of_record
TN:
SF:src\app\app.component.ts
FN:8,(anonymous_0)
FNF:1
FNH:1
FNDA:3,(anonymous_0)
DA:1,1
DA:8,1
DA:9,3
LF:3
LH:3
BRF:0
BRH:0
end_of_record
TN:
SF:src\app\core\services\modal.service.ts
FN:11,(anonymous_0)
FN:13,(anonymous_1)
FN:17,(anonymous_2)
FN:21,(anonymous_3)
FNF:4
FNH:2
FNDA:2,(anonymous_0)
FNDA:0,(anonymous_1)
FNDA:0,(anonymous_2)
FNDA:1,(anonymous_3)
DA:1,3
DA:2,3
DA:7,3
DA:9,2
DA:14,0
DA:18,0
DA:22,1
LF:7
LH:5
BRF:0
BRH:0
end_of_record
TN:
SF:src\app\core\services\product.service.ts
FN:15,(anonymous_0)
FN:18,(anonymous_1)
FN:21,(anonymous_2)
FN:22,(anonymous_3)
FN:32,(anonymous_4)
FN:35,(anonymous_5)
FN:45,(anonymous_6)
FN:48,(anonymous_7)
FN:58,(anonymous_8)
FN:61,(anonymous_9)
FN:71,(anonymous_10)
FN:74,(anonymous_11)
FN:84,(anonymous_12)
FN:94,(anonymous_13)
FNF:14
FNH:14
FNDA:10,(anonymous_0)
FNDA:2,(anonymous_1)
FNDA:1,(anonymous_2)
FNDA:1,(anonymous_3)
FNDA:2,(anonymous_4)
FNDA:1,(anonymous_5)
FNDA:2,(anonymous_6)
FNDA:1,(anonymous_7)
FNDA:2,(anonymous_8)
FNDA:1,(anonymous_9)
FNDA:2,(anonymous_10)
FNDA:1,(anonymous_11)
FNDA:5,(anonymous_12)
FNDA:5,(anonymous_13)
DA:1,3
DA:2,3
DA:3,3
DA:4,3
DA:11,3
DA:13,10
DA:15,10
DA:19,2
DA:21,1
DA:23,1
DA:24,1
DA:33,2
DA:36,1
DA:37,1
DA:46,2
DA:49,1
DA:50,1
DA:59,2
DA:62,1
DA:63,1
DA:72,2
DA:75,1
DA:76,1
DA:85,5
DA:86,5
DA:88,0
DA:91,5
DA:93,5
DA:94,5
LF:29
LH:28
BRDA:23,0,0,1
BRDA:36,1,0,1
BRDA:49,2,0,1
BRDA:62,3,0,1
BRDA:75,4,0,1
BRDA:86,5,0,0
BRDA:86,5,1,5
BRF:7
BRH:6
end_of_record
TN:
SF:src\app\core\validators\date.validators.ts
FN:3,dateReleaseValidator
FN:4,(anonymous_1)
FN:16,dateRevisionValidator
FN:17,(anonymous_3)
FNF:4
FNH:4
FNDA:63,dateReleaseValidator
FNDA:131,(anonymous_1)
FNDA:61,dateRevisionValidator
FNDA:9,(anonymous_3)
DA:3,2
DA:4,63
DA:5,131
DA:6,131
DA:7,13
DA:8,13
DA:9,13
DA:10,13
DA:11,13
DA:12,13
DA:16,2
DA:17,61
DA:18,9
DA:19,9
DA:20,6
DA:21,6
DA:22,6
LF:17
LH:17
BRDA:6,0,0,118
BRDA:12,1,0,4
BRDA:12,1,1,9
BRDA:19,2,0,3
BRDA:22,3,0,4
BRDA:22,3,1,2
BRF:6
BRH:6
end_of_record
TN:
SF:src\app\products\pages\product-form\product-form.component.html
FNF:0
FNH:0
DA:1,1
LF:1
LH:1
BRF:0
BRH:0
end_of_record
TN:
SF:src\app\products\pages\product-form\product-form.component.ts
FN:51,(anonymous_0)
FN:58,(anonymous_1)
FN:71,(anonymous_2)
FN:103,(anonymous_3)
FN:108,(anonymous_4)
FN:109,(anonymous_5)
FN:123,(anonymous_6)
FN:130,(anonymous_7)
FN:131,(anonymous_8)
FN:142,(anonymous_9)
FN:145,(anonymous_10)
FN:150,(anonymous_11)
FN:159,(anonymous_12)
FN:167,(anonymous_13)
FN:180,(anonymous_14)
FN:181,(anonymous_15)
FN:185,(anonymous_16)
FN:186,(anonymous_17)
FN:192,(anonymous_18)
FN:196,(anonymous_19)
FN:201,(anonymous_20)
FN:215,(anonymous_21)
FN:231,(anonymous_22)
FN:234,(anonymous_23)
FNF:24
FNH:21
FNDA:35,(anonymous_0)
FNDA:65,(anonymous_1)
FNDA:63,(anonymous_2)
FNDA:6,(anonymous_3)
FNDA:5,(anonymous_4)
FNDA:3,(anonymous_5)
FNDA:12,(anonymous_6)
FNDA:58,(anonymous_7)
FNDA:7,(anonymous_8)
FNDA:12,(anonymous_9)
FNDA:5,(anonymous_10)
FNDA:5,(anonymous_11)
FNDA:12,(anonymous_12)
FNDA:4,(anonymous_13)
FNDA:1,(anonymous_14)
FNDA:1,(anonymous_15)
FNDA:0,(anonymous_16)
FNDA:1,(anonymous_17)
FNDA:1,(anonymous_18)
FNDA:1587,(anonymous_19)
FNDA:21,(anonymous_20)
FNDA:7,(anonymous_21)
FNDA:0,(anonymous_22)
FNDA:0,(anonymous_23)
DA:1,1
DA:2,1
DA:3,1
DA:4,1
DA:5,1
DA:7,1
DA:14,1
DA:16,35
DA:17,35
DA:20,35
DA:52,35
DA:53,35
DA:54,35
DA:55,35
DA:59,65
DA:60,65
DA:61,65
DA:62,7
DA:63,7
DA:64,2
DA:65,2
DA:68,63
DA:72,63
DA:103,6
DA:106,63
DA:107,5
DA:108,5
DA:109,5
DA:110,5
DA:111,3
DA:114,3
DA:115,3
DA:116,3
DA:118,2
DA:123,63
DA:124,12
DA:131,58
DA:132,7
DA:133,1
DA:136,6
DA:137,0
DA:140,6
DA:142,12
DA:146,5
DA:147,0
DA:149,5
DA:150,5
DA:160,12
DA:161,10
DA:162,10
DA:163,10
DA:168,4
DA:169,3
DA:172,3
DA:178,3
DA:179,2
DA:180,1
DA:181,1
DA:184,1
DA:185,0
DA:186,1
DA:193,1
DA:197,1587
DA:198,1587
DA:202,21
DA:203,21
DA:204,19
DA:205,19
DA:206,19
DA:207,19
DA:208,19
DA:212,2
DA:216,7
DA:217,7
DA:218,7
DA:219,7
DA:221,7
DA:222,7
DA:224,7
DA:225,7
DA:228,7
DA:232,0
DA:235,0
LF:83
LH:78
BRDA:61,0,0,7
BRDA:63,1,0,2
BRDA:79,2,0,5
BRDA:79,2,1,58
BRDA:96,3,0,5
BRDA:96,3,1,58
BRDA:101,4,0,5
BRDA:101,4,1,58
BRDA:106,5,0,5
BRDA:110,6,0,3
BRDA:110,6,1,2
BRDA:132,7,0,1
BRDA:132,8,0,7
BRDA:132,8,1,6
BRDA:136,9,0,0
BRDA:146,10,0,0
BRDA:150,11,0,0
BRDA:150,11,1,5
BRDA:160,12,0,10
BRDA:168,13,0,3
BRDA:178,14,0,2
BRDA:178,14,1,1
BRDA:198,15,0,1587
BRDA:198,15,1,1587
BRDA:198,15,2,903
BRDA:198,15,3,898
BRDA:203,16,0,19
BRDA:203,17,0,21
BRDA:203,17,1,21
BRDA:203,17,2,19
BRDA:203,17,3,17
BRDA:207,18,0,19
BRDA:221,19,0,7
BRDA:224,20,0,7
BRF:34
BRH:31
end_of_record
TN:
SF:src\app\products\pages\product-list\product-list.component.html
FNF:0
FNH:0
DA:1,1
LF:1
LH:1
BRF:0
BRH:0
end_of_record
TN:
SF:src\app\products\pages\product-list\product-list.component.ts
FN:22,(anonymous_0)
FN:28,(anonymous_1)
FN:32,(anonymous_2)
FN:35,(anonymous_3)
FN:40,(anonymous_4)
FN:47,(anonymous_5)
FN:49,(anonymous_6)
FN:57,(anonymous_7)
FN:61,(anonymous_8)
FN:65,(anonymous_9)
FN:67,(anonymous_10)
FN:68,(anonymous_11)
FN:72,(anonymous_12)
FN:82,(anonymous_13)
FNF:14
FNH:13
FNDA:9,(anonymous_0)
FNDA:11,(anonymous_1)
FNDA:12,(anonymous_2)
FNDA:11,(anonymous_3)
FNDA:1,(anonymous_4)
FNDA:13,(anonymous_5)
FNDA:39,(anonymous_6)
FNDA:1,(anonymous_7)
FNDA:1,(anonymous_8)
FNDA:1,(anonymous_9)
FNDA:1,(anonymous_10)
FNDA:0,(anonymous_11)
FNDA:1,(anonymous_12)
FNDA:2,(anonymous_13)
DA:1,1
DA:3,1
DA:4,1
DA:5,1
DA:12,1
DA:13,9
DA:14,9
DA:15,9
DA:16,9
DA:17,9
DA:20,9
DA:23,9
DA:24,9
DA:25,9
DA:29,11
DA:33,12
DA:34,12
DA:36,11
DA:37,11
DA:38,11
DA:41,1
DA:42,1
DA:49,13
DA:50,39
DA:54,13
DA:58,1
DA:62,1
DA:66,1
DA:67,1
DA:68,0
DA:73,1
DA:77,9
DA:83,2
DA:84,1
DA:85,1
DA:86,1
LF:36
LH:35
BRDA:50,0,0,39
BRDA:50,0,1,0
BRDA:83,1,0,1
BRDA:83,1,1,1
BRDA:85,2,0,1
BRF:5
BRH:4
end_of_record
TN:
SF:src\app\shared\components\confirmation-modal\confirmation-modal.component.html
FNF:0
FNH:0
DA:1,1
LF:1
LH:1
BRF:0
BRH:0
end_of_record
TN:
SF:src\app\shared\components\confirmation-modal\confirmation-modal.component.ts
FN:18,(anonymous_0)
FN:20,(anonymous_1)
FN:21,(anonymous_2)
FN:32,(anonymous_3)
FN:38,(anonymous_4)
FN:42,(anonymous_5)
FNF:6
FNH:3
FNDA:1,(anonymous_0)
FNDA:1,(anonymous_1)
FNDA:0,(anonymous_2)
FNDA:1,(anonymous_3)
FNDA:0,(anonymous_4)
FNDA:0,(anonymous_5)
DA:1,1
DA:3,1
DA:10,1
DA:11,1
DA:12,1
DA:13,1
DA:16,1
DA:18,1
DA:21,1
DA:22,0
DA:23,0
DA:24,0
DA:25,0
DA:27,0
DA:33,1
DA:34,1
DA:39,0
DA:43,0
DA:44,0
LF:19
LH:11
BRDA:22,0,0,0
BRDA:22,0,1,0
BRDA:33,1,0,1
BRF:3
BRH:1
end_of_record
TN:
SF:src\app\shared\components\header\header.component.html
FNF:0
FNH:0
DA:1,2
LF:1
LH:1
BRF:0
BRH:0
end_of_record
TN:
SF:src\app\shared\components\header\header.component.ts
FN:8,(anonymous_0)
FNF:1
FNH:1
FNDA:4,(anonymous_0)
DA:1,2
DA:8,2
DA:9,4
LF:3
LH:3
BRF:0
BRH:0
end_of_record
TN:
SF:src\app\shared\components\options-menu\options-menu.component.html
FNF:0
FNH:0
DA:1,1
LF:1
LH:1
BRF:0
BRH:0
end_of_record
TN:
SF:src\app\shared\components\options-menu\options-menu.component.ts
FN:21,(anonymous_0)
FN:23,(anonymous_1)
FN:37,(anonymous_2)
FN:42,(anonymous_3)
FNF:4
FNH:1
FNDA:1,(anonymous_0)
FNDA:0,(anonymous_1)
FNDA:0,(anonymous_2)
FNDA:0,(anonymous_3)
DA:1,1
DA:11,1
DA:12,1
DA:13,1
DA:15,1
DA:16,1
DA:21,1
DA:24,0
DA:25,0
DA:27,0
DA:28,0
DA:30,0
DA:38,0
DA:39,0
DA:43,0
DA:44,0
LF:16
LH:7
BRDA:27,0,0,0
BRDA:43,1,0,0
BRF:2
BRH:0
end_of_record
TN:
SF:src\app\shared\components\skeleton\skeleton.component.html
FNF:0
FNH:0
DA:1,1
LF:1
LH:1
BRF:0
BRH:0
end_of_record
TN:
SF:src\app\shared\components\skeleton\skeleton.component.ts
FNF:0
FNH:0
DA:1,1
DA:8,1
LF:2
LH:2
BRF:0
BRH:0
end_of_record
TN:
SF:src\environments\environment.ts
FNF:0
FNH:0
DA:1,3
LF:1
LH:1
BRF:0
BRH:0
end_of_record
